[1713197482.276][INFO]: Starting ChromeDriver 123.0.6312.122 (31f8248cdd90acbac59f700b603fed0b5967ca50-refs/branch-heads/6312@{#824}) on port 17110
[1713197482.277][INFO]: Please see https://chromedriver.chromium.org/security-considerations for suggestions on keeping ChromeDriver safe.
[1713197482.509][INFO]: [353b5e984f0b029cd9702a0ef7cd4c13] COMMAND InitSession {
   "capabilities": {
      "firstMatch": [ {
         "browserName": "chrome",
         "goog:chromeOptions": {
            "args": [  ],
            "extensions": [  ]
         },
         "goog:loggingPrefs": {
            "browser": "ALL",
            "driver": "ALL"
         }
      } ]
   }
}
[1713197482.509][INFO]: Browser search. Trying... C:\Users\Admin\.cache\selenium\chromedriver\win64\123.0.6312.122\chrome.exe
[1713197482.510][INFO]: Browser search. Trying... C:\Users\Admin\.cache\selenium\chromedriver\win64\123.0.6312.122\chrome.exe
[1713197482.510][INFO]: Browser search. Trying... C:\Users\Admin\.cache\selenium\chromedriver\win64\123.0.6312.122\chromium.exe
[1713197482.513][INFO]: Browser search. Trying... C:\Users\Admin\AppData\Local\Google\Chrome\Application\chrome.exe
[1713197482.513][INFO]: Browser search. Trying... C:\Program Files\Google\Chrome\Application\chrome.exe
[1713197482.513][INFO]: Browser search. Found at  C:\Program Files\Google\Chrome\Application\chrome.exe
[1713197482.514][INFO]: Populating Preferences file: {
   "alternate_error_pages": {
      "enabled": false
   },
   "autofill": {
      "enabled": false
   },
   "browser": {
      "check_default_browser": false
   },
   "distribution": {
      "import_bookmarks": false,
      "import_history": false,
      "import_search_engine": false,
      "make_chrome_default_for_user": false,
      "skip_first_run_ui": true
   },
   "dns_prefetching": {
      "enabled": false
   },
   "profile": {
      "content_settings": {
         "pattern_pairs": {
            "https://*,*": {
               "media-stream": {
                  "audio": "Default",
                  "video": "Default"
               }
            }
         }
      },
      "default_content_setting_values": {
         "geolocation": 1
      },
      "default_content_settings": {
         "geolocation": 1,
         "mouselock": 1,
         "notifications": 1,
         "popups": 1,
         "ppapi-broker": 1
      },
      "password_manager_enabled": false
   },
   "safebrowsing": {
      "enabled": false
   },
   "search": {
      "suggest_enabled": false
   },
   "translate": {
      "enabled": false
   }
}
[1713197482.514][INFO]: Populating Local State file: {
   "background_mode": {
      "enabled": false
   },
   "ssl": {
      "rev_checking": {
         "enabled": false
      }
   }
}
[1713197482.515][INFO]: ChromeDriver supports communication with Chrome via pipes. This is more reliable and more secure.
[1713197482.515][INFO]: Use the --remote-debugging-pipe Chrome switch instead of the default --remote-debugging-port to enable this communication mode.
[1713197482.518][INFO]: Launching chrome: "C:\Program Files\Google\Chrome\Application\chrome.exe" --allow-pre-commit-input --disable-background-networking --disable-backgrounding-occluded-windows --disable-client-side-phishing-detection --disable-default-apps --disable-hang-monitor --disable-popup-blocking --disable-prompt-on-repost --disable-sync --enable-automation --enable-logging --log-level=0 --no-first-run --no-service-autorun --password-store=basic --remote-debugging-port=0 --test-type=webdriver --use-mock-keychain --user-data-dir="C:\Users\Admin\AppData\Local\Temp\scoped_dir6724_898558770" data:,
[1713197483.370][INFO]: resolved localhost to ["::1","127.0.0.1"]
[1713197483.492][INFO]: [353b5e984f0b029cd9702a0ef7cd4c13] RESPONSE InitSession {
   "capabilities": {
      "acceptInsecureCerts": false,
      "browserName": "chrome",
      "browserVersion": "123.0.6312.122",
      "chrome": {
         "chromedriverVersion": "123.0.6312.122 (31f8248cdd90acbac59f700b603fed0b5967ca50-refs/branch-heads/6312@{#824})",
         "userDataDir": "C:\\Users\\Admin\\AppData\\Local\\Temp\\scoped_dir6724_898558770"
      },
      "fedcm:accounts": true,
      "goog:chromeOptions": {
         "debuggerAddress": "localhost:50680"
      },
      "networkConnectionEnabled": false,
      "pageLoadStrategy": "normal",
      "platformName": "windows",
      "proxy": {
      },
      "setWindowRect": true,
      "strictFileInteractability": false,
      "timeouts": {
         "implicit": 0,
         "pageLoad": 300000,
         "script": 30000
      },
      "unhandledPromptBehavior": "dismiss and notify",
      "webauthn:extension:credBlob": true,
      "webauthn:extension:largeBlob": true,
      "webauthn:extension:minPinLength": true,
      "webauthn:extension:prf": true,
      "webauthn:virtualAuthenticators": true
   },
   "sessionId": "353b5e984f0b029cd9702a0ef7cd4c13"
}
[1713197483.724][INFO]: [353b5e984f0b029cd9702a0ef7cd4c13] COMMAND MaximizeWindow {
}
[1713197483.724][INFO]: Waiting for pending navigations...
[1713197483.724][INFO]: Done waiting for pending navigations. Status: ok
[1713197483.838][INFO]: Waiting for pending navigations...
[1713197483.839][INFO]: Done waiting for pending navigations. Status: ok
[1713197483.839][INFO]: [353b5e984f0b029cd9702a0ef7cd4c13] RESPONSE MaximizeWindow {
   "height": 832,
   "width": 1552,
   "x": -8,
   "y": -8
}
[1713197483.848][INFO]: [353b5e984f0b029cd9702a0ef7cd4c13] COMMAND SetTimeouts {
   "implicit": 15000
}
[1713197483.849][INFO]: [353b5e984f0b029cd9702a0ef7cd4c13] RESPONSE SetTimeouts
[1713197483.862][INFO]: [353b5e984f0b029cd9702a0ef7cd4c13] COMMAND Navigate {
   "url": "https://leetcode.com/"
}
[1713197483.862][INFO]: Waiting for pending navigations...
[1713197483.863][INFO]: Done waiting for pending navigations. Status: ok
[1713197484.188][INFO]: Waiting for pending navigations...
[1713197486.304][INFO]: Done waiting for pending navigations. Status: ok
[1713197486.304][INFO]: [353b5e984f0b029cd9702a0ef7cd4c13] RESPONSE Navigate
[1713197486.312][INFO]: [353b5e984f0b029cd9702a0ef7cd4c13] COMMAND GetUrl {
}
[1713197486.312][INFO]: Waiting for pending navigations...
[1713197486.313][INFO]: Done waiting for pending navigations. Status: ok
[1713197486.326][INFO]: Waiting for pending navigations...
[1713197486.327][INFO]: Done waiting for pending navigations. Status: ok
[1713197486.327][INFO]: [353b5e984f0b029cd9702a0ef7cd4c13] RESPONSE GetUrl "https://leetcode.com/"
[1713197486.333][INFO]: [353b5e984f0b029cd9702a0ef7cd4c13] COMMAND FindElement {
   "using": "xpath",
   "value": "//a[@href='/problemset/']"
}
[1713197486.333][INFO]: Waiting for pending navigations...
[1713197486.333][INFO]: Done waiting for pending navigations. Status: ok
[1713197486.351][INFO]: Waiting for pending navigations...
[1713197486.352][INFO]: Done waiting for pending navigations. Status: ok
[1713197486.352][INFO]: [353b5e984f0b029cd9702a0ef7cd4c13] RESPONSE FindElement {
   "element-6066-11e4-a52e-4f735466cecf": "f.81EABE1886E32C66BAF0F33CC1B3DFD9.d.CB6F58E4705610F3CF3571A1AECFD767.e.18"
}
[1713197486.362][INFO]: [353b5e984f0b029cd9702a0ef7cd4c13] COMMAND ClickElement {
   "id": "f.81EABE1886E32C66BAF0F33CC1B3DFD9.d.CB6F58E4705610F3CF3571A1AECFD767.e.18"
}
[1713197486.362][INFO]: Waiting for pending navigations...
[1713197486.363][INFO]: Done waiting for pending navigations. Status: ok
[1713197486.532][INFO]: Waiting for pending navigations...
[1713197488.251][INFO]: Done waiting for pending navigations. Status: ok
[1713197488.251][INFO]: [353b5e984f0b029cd9702a0ef7cd4c13] RESPONSE ClickElement
[1713197488.255][INFO]: [353b5e984f0b029cd9702a0ef7cd4c13] COMMAND GetUrl {
}
[1713197488.255][INFO]: Waiting for pending navigations...
[1713197488.367][INFO]: Done waiting for pending navigations. Status: ok
[1713197488.542][INFO]: Waiting for pending navigations...
[1713197488.811][INFO]: Done waiting for pending navigations. Status: ok
[1713197488.811][INFO]: [353b5e984f0b029cd9702a0ef7cd4c13] RESPONSE GetUrl "https://leetcode.com/problemset/"
[1713197488.815][INFO]: [353b5e984f0b029cd9702a0ef7cd4c13] COMMAND FindElements {
   "using": "xpath",
   "value": "//div[@class='truncate']"
}
[1713197488.815][INFO]: Waiting for pending navigations...
[1713197488.872][INFO]: Done waiting for pending navigations. Status: ok
[1713197489.287][INFO]: Waiting for pending navigations...
[1713197489.584][INFO]: Done waiting for pending navigations. Status: ok
[1713197489.585][INFO]: [353b5e984f0b029cd9702a0ef7cd4c13] RESPONSE FindElements [ {
   "element-6066-11e4-a52e-4f735466cecf": "f.81EABE1886E32C66BAF0F33CC1B3DFD9.d.2C9DAB79626BE605936EDA9E5E8B1152.e.44"
}, {
   "element-6066-11e4-a52e-4f735466cecf": "f.81EABE1886E32C66BAF0F33CC1B3DFD9.d.2C9DAB79626BE605936EDA9E5E8B1152.e.45"
}, {
   "element-6066-11e4-a52e-4f735466cecf": "f.81EABE1886E32C66BAF0F33CC1B3DFD9.d.2C9DAB79626BE605936EDA9E5E8B1152.e.46"
}, {
   "element-6066-11e4-a52e-4f735466cecf": "f.81EABE1886E32C66BAF0F33CC1B3DFD9.d.2C9DAB79626BE605936EDA9E5E8B1152.e.47"
}, {
   "element-6066-11e4-a52e-4f735466cecf": "f.81EABE1886E32C66BAF0F33CC1B3DFD9.d.2C9DAB79626BE605936EDA9E5E8B1152.e.48"
}, {
   "element-6066-11e4-a52e-4f735466cecf": "f.81EABE1886E32C66BAF0F33CC1B3DFD9.d.2C9DAB79626BE605936EDA9E5E8B1152.e.49"
}, {
   "element-6066-11e4-a52e-4f735466cecf": "f.81EABE1886E32C66BAF0F33CC1B3DFD9.d.2C9DAB79626BE605936EDA9E5E8B1152.e.50"
}, {
   "element-6066-11e4-a52e-4f735466cecf": "f.81EABE1886E32C66BAF0F33CC1B3DFD9.d.2C9DAB79626BE605936EDA9E5E8B1152.e.51"
}, {
   "element-6066-11e4-a52e-4f735466cecf": "f.81EABE1886E32C66BAF0F33CC1B3DFD9.d.2C9DAB79626BE605936EDA9E5E8B1152.e.52"
}, {
   "element-6066-11e4-a52e-4f735466cecf": "f.81EABE1886E32C66BAF0F33CC1B3DFD9.d.2C9DAB79626BE605936EDA9E5E8B1152.e.53"
}, {
   "element-6066-11e4-a52e-4f735466cecf": "f.81EABE1886E32C66BAF0F33CC1B3DFD9.d.2C9DAB79626BE605936EDA9E5E8B1152.e.54"
}, {
   "element-6066-11e4-a52e-4f735466cecf": "f.81EABE1886E32C66BAF0F33CC1B3DFD9.d.2C9DAB79626BE605936EDA9E5E8B1152.e.55"
}, {
   "element-6066-11e4-a52e-4f735466cecf": "f.81EABE1886E32C66BAF0F33CC1B3DFD9.d.2C9DAB79626BE605936EDA9E5E8B1152.e.56"
}, {
   "element-6066-11e4-a52e-4f735466cecf": "f.81EABE1886E32C66BAF0F33CC1B3DFD9.d.2C9DAB79626BE605936EDA9E5E8B1152.e.57"
}, {
   "element-6066-11e4-a52e-4f735466cecf": "f.81EABE1886E32C66BAF0F33CC1B3DFD9.d.2C9DAB79626BE605936EDA9E5E8B1152.e.58"
}, {
   "element-6066-11e4-a52e-4f735466cecf": "f.81EABE1886E32C66BAF0F33CC1B3DFD9.d.2C9DAB79626BE605936EDA9E5E8B1152.e.59"
}, {
   "element-6066-11e4-a52e-4f735466cecf": "f.81EABE1886E32C66BAF0F33CC1B3DFD9.d.2C9DAB79626BE605936EDA9E5E8B1152.e.60"
}, {
   "element-6066-11e4-a52e-4f735466cecf": "f.81EABE1886E32C66BAF0F33CC1B3DFD9.d.2C9DAB79626BE605936EDA9E5E8B1152.e.61"
}, {
   "element-6066-11e4-a52e-4f735466cecf": "f.81EABE1886E32C66BAF0F33CC1B3DFD9.d.2C9DAB79626BE605936EDA9E5E8B1152.e.62"
}, "..." ]
[1713197489.597][INFO]: [353b5e984f0b029cd9702a0ef7cd4c13] COMMAND GetElementText {
   "id": "f.81EABE1886E32C66BAF0F33CC1B3DFD9.d.2C9DAB79626BE605936EDA9E5E8B1152.e.45"
}
[1713197489.597][INFO]: Waiting for pending navigations...
[1713197489.683][INFO]: Done waiting for pending navigations. Status: ok
[1713197489.697][INFO]: Waiting for pending navigations...
[1713197489.698][INFO]: Done waiting for pending navigations. Status: ok
[1713197489.698][INFO]: [353b5e984f0b029cd9702a0ef7cd4c13] RESPONSE GetElementText "1. Two Sum"
[1713197489.702][INFO]: [353b5e984f0b029cd9702a0ef7cd4c13] COMMAND GetElementText {
   "id": "f.81EABE1886E32C66BAF0F33CC1B3DFD9.d.2C9DAB79626BE605936EDA9E5E8B1152.e.46"
}
[1713197489.702][INFO]: Waiting for pending navigations...
[1713197489.702][INFO]: Done waiting for pending navigations. Status: ok
[1713197489.709][INFO]: Waiting for pending navigations...
[1713197489.710][INFO]: Done waiting for pending navigations. Status: ok
[1713197489.710][INFO]: [353b5e984f0b029cd9702a0ef7cd4c13] RESPONSE GetElementText "2. Add Two Numbers"
[1713197489.713][INFO]: [353b5e984f0b029cd9702a0ef7cd4c13] COMMAND GetElementText {
   "id": "f.81EABE1886E32C66BAF0F33CC1B3DFD9.d.2C9DAB79626BE605936EDA9E5E8B1152.e.47"
}
[1713197489.713][INFO]: Waiting for pending navigations...
[1713197489.714][INFO]: Done waiting for pending navigations. Status: ok
[1713197489.721][INFO]: Waiting for pending navigations...
[1713197489.721][INFO]: Done waiting for pending navigations. Status: ok
[1713197489.721][INFO]: [353b5e984f0b029cd9702a0ef7cd4c13] RESPONSE GetElementText "3. Longest Substring Without Repeating Characters"
[1713197489.724][INFO]: [353b5e984f0b029cd9702a0ef7cd4c13] COMMAND GetElementText {
   "id": "f.81EABE1886E32C66BAF0F33CC1B3DFD9.d.2C9DAB79626BE605936EDA9E5E8B1152.e.48"
}
[1713197489.724][INFO]: Waiting for pending navigations...
[1713197489.725][INFO]: Done waiting for pending navigations. Status: ok
[1713197489.731][INFO]: Waiting for pending navigations...
[1713197489.732][INFO]: Done waiting for pending navigations. Status: ok
[1713197489.732][INFO]: [353b5e984f0b029cd9702a0ef7cd4c13] RESPONSE GetElementText "4. Median of Two Sorted Arrays"
[1713197489.735][INFO]: [353b5e984f0b029cd9702a0ef7cd4c13] COMMAND GetElementText {
   "id": "f.81EABE1886E32C66BAF0F33CC1B3DFD9.d.2C9DAB79626BE605936EDA9E5E8B1152.e.49"
}
[1713197489.735][INFO]: Waiting for pending navigations...
[1713197489.736][INFO]: Done waiting for pending navigations. Status: ok
[1713197489.742][INFO]: Waiting for pending navigations...
[1713197489.743][INFO]: Done waiting for pending navigations. Status: ok
[1713197489.743][INFO]: [353b5e984f0b029cd9702a0ef7cd4c13] RESPONSE GetElementText "5. Longest Palindromic Substring"
[1713197489.746][INFO]: [353b5e984f0b029cd9702a0ef7cd4c13] COMMAND Navigate {
   "url": "https://leetcode.com/problems/two-sum/"
}
[1713197489.746][INFO]: Waiting for pending navigations...
[1713197489.747][INFO]: Done waiting for pending navigations. Status: ok
[1713197490.285][INFO]: Waiting for pending navigations...
[1713197491.246][INFO]: Done waiting for pending navigations. Status: ok
[1713197491.246][INFO]: [353b5e984f0b029cd9702a0ef7cd4c13] RESPONSE Navigate
[1713197491.249][INFO]: [353b5e984f0b029cd9702a0ef7cd4c13] COMMAND GetUrl {
}
[1713197491.249][INFO]: Waiting for pending navigations...
[1713197491.272][INFO]: Done waiting for pending navigations. Status: ok
[1713197491.283][INFO]: Waiting for pending navigations...
[1713197491.284][INFO]: Done waiting for pending navigations. Status: ok
[1713197491.284][INFO]: [353b5e984f0b029cd9702a0ef7cd4c13] RESPONSE GetUrl "https://leetcode.com/problems/two-sum/"
[1713197491.290][INFO]: [353b5e984f0b029cd9702a0ef7cd4c13] COMMAND Navigate {
   "url": "https://leetcode.com/problems/two-sum/"
}
[1713197491.290][INFO]: Waiting for pending navigations...
[1713197491.290][INFO]: Done waiting for pending navigations. Status: ok
[1713197491.550][INFO]: Waiting for pending navigations...
[1713197492.276][INFO]: Done waiting for pending navigations. Status: ok
[1713197492.276][INFO]: [353b5e984f0b029cd9702a0ef7cd4c13] RESPONSE Navigate
[1713197492.282][INFO]: [353b5e984f0b029cd9702a0ef7cd4c13] COMMAND FindElement {
   "using": "css selector",
   "value": "#submissions_tab"
}
[1713197492.282][INFO]: Waiting for pending navigations...
[1713197492.349][INFO]: Done waiting for pending navigations. Status: ok
[1713197493.327][INFO]: Waiting for pending navigations...
[1713197493.340][INFO]: Done waiting for pending navigations. Status: ok
[1713197493.341][INFO]: [353b5e984f0b029cd9702a0ef7cd4c13] RESPONSE FindElement {
   "element-6066-11e4-a52e-4f735466cecf": "f.81EABE1886E32C66BAF0F33CC1B3DFD9.d.0C658504CB5C14F84A564594E4BECD2B.e.100"
}
[1713197493.357][INFO]: [353b5e984f0b029cd9702a0ef7cd4c13] COMMAND ClickElement {
   "id": "f.81EABE1886E32C66BAF0F33CC1B3DFD9.d.0C658504CB5C14F84A564594E4BECD2B.e.100"
}
[1713197493.357][INFO]: Waiting for pending navigations...
[1713197493.382][INFO]: Done waiting for pending navigations. Status: ok
[1713197493.527][INFO]: Waiting for pending navigations...
[1713197493.537][INFO]: Done waiting for pending navigations. Status: ok
[1713197493.537][INFO]: [353b5e984f0b029cd9702a0ef7cd4c13] RESPONSE ClickElement
[1713197493.544][INFO]: [353b5e984f0b029cd9702a0ef7cd4c13] COMMAND FindElement {
   "using": "xpath",
   "value": "//a[text()='Register or Sign In']"
}
[1713197493.544][INFO]: Waiting for pending navigations...
[1713197493.550][INFO]: Done waiting for pending navigations. Status: ok
[1713197493.775][INFO]: Waiting for pending navigations...
[1713197493.778][INFO]: Done waiting for pending navigations. Status: ok
[1713197493.778][INFO]: [353b5e984f0b029cd9702a0ef7cd4c13] RESPONSE FindElement {
   "element-6066-11e4-a52e-4f735466cecf": "f.81EABE1886E32C66BAF0F33CC1B3DFD9.d.0C658504CB5C14F84A564594E4BECD2B.e.119"
}
[1713197493.781][INFO]: [353b5e984f0b029cd9702a0ef7cd4c13] COMMAND GetElementText {
   "id": "f.81EABE1886E32C66BAF0F33CC1B3DFD9.d.0C658504CB5C14F84A564594E4BECD2B.e.119"
}
[1713197493.781][INFO]: Waiting for pending navigations...
[1713197493.794][INFO]: Done waiting for pending navigations. Status: ok
[1713197493.810][INFO]: Waiting for pending navigations...
[1713197493.810][INFO]: Done waiting for pending navigations. Status: ok
[1713197493.810][INFO]: [353b5e984f0b029cd9702a0ef7cd4c13] RESPONSE GetElementText "Register or Sign In"
[1713197493.813][INFO]: [353b5e984f0b029cd9702a0ef7cd4c13] COMMAND CloseWindow {
}
[1713197493.969][INFO]: [353b5e984f0b029cd9702a0ef7cd4c13] RESPONSE CloseWindow [  ]
